<?xml version="1.0" encoding="UTF-8"?>
<robot generator="Robot 4.0.1 (Python 3.9.1 on win32)" generated="20210919 12:23:37.870" rpa="false" schemaversion="2">
<suite id="s1" name="TC 001 LoginLogout" source="C:\Users\Nitin Tyagi\PycharmProjects\RobotFrameAutomation\TC_001_LoginLogout.robot">
<test id="s1-t1" name="TC_001_Login_Logout_Functionality">
<kw name="User open browser put URL and maximize window">
<arg>https://www.facebook.com</arg>
<arg>Chrome</arg>
<kw name="Open Browser" library="SeleniumLibrary">
<arg>${URL}</arg>
<arg>${BrowserName}</arg>
<doc>Opens a new browser instance to the optional ``url``.</doc>
<msg timestamp="20210919 12:23:38.102" level="INFO">Opening browser 'Chrome' to base url 'https://www.facebook.com'.</msg>
<status status="PASS" starttime="20210919 12:23:38.102" endtime="20210919 12:23:40.255"/>
</kw>
<kw name="Maximize Browser Window" library="SeleniumLibrary">
<doc>Maximizes current browser window.</doc>
<status status="PASS" starttime="20210919 12:23:40.255" endtime="20210919 12:23:40.377"/>
</kw>
<status status="PASS" starttime="20210919 12:23:38.102" endtime="20210919 12:23:40.377"/>
</kw>
<kw name="Input Text" library="SeleniumLibrary">
<arg>id=email</arg>
<arg>Hello</arg>
<doc>Types the given ``text`` into the text field identified by ``locator``.</doc>
<msg timestamp="20210919 12:23:40.378" level="INFO">Typing text 'Hello' into text field 'id=email'.</msg>
<status status="PASS" starttime="20210919 12:23:40.378" endtime="20210919 12:23:40.448"/>
</kw>
<kw name="Input Text" library="SeleniumLibrary">
<arg>name=pass</arg>
<arg>abcd</arg>
<doc>Types the given ``text`` into the text field identified by ``locator``.</doc>
<msg timestamp="20210919 12:23:40.449" level="INFO">Typing text 'abcd' into text field 'name=pass'.</msg>
<status status="PASS" starttime="20210919 12:23:40.449" endtime="20210919 12:23:40.528"/>
</kw>
<kw name="Click Element" library="SeleniumLibrary">
<arg>xpath=//*[@type='submit']</arg>
<doc>Click the element identified by ``locator``.</doc>
<msg timestamp="20210919 12:23:40.529" level="INFO">Clicking element 'xpath=//*[@type='submit']'.</msg>
<status status="PASS" starttime="20210919 12:23:40.529" endtime="20210919 12:23:40.606"/>
</kw>
<kw name="Concatenate Data" library="Library">
<var>${res}</var>
<arg>Hello</arg>
<arg>Testing</arg>
<msg timestamp="20210919 12:23:40.606" level="INFO">${res} = HelloTesting</msg>
<status status="PASS" starttime="20210919 12:23:40.606" endtime="20210919 12:23:40.606"/>
</kw>
<kw name="Log To Console" library="BuiltIn">
<arg>${res}</arg>
<doc>Logs the given message to the console.</doc>
<status status="PASS" starttime="20210919 12:23:40.607" endtime="20210919 12:23:40.607"/>
</kw>
<status status="PASS" starttime="20210919 12:23:38.101" endtime="20210919 12:23:40.608"/>
</test>
<test id="s1-t2" name="TC_002_Login_InvalidData">
<kw name="User open browser put URL and maximize window">
<arg>https://www.google.com</arg>
<arg>Chrome</arg>
<kw name="Open Browser" library="SeleniumLibrary">
<arg>${URL}</arg>
<arg>${BrowserName}</arg>
<doc>Opens a new browser instance to the optional ``url``.</doc>
<msg timestamp="20210919 12:23:40.616" level="INFO">Opening browser 'Chrome' to base url 'https://www.google.com'.</msg>
<status status="PASS" starttime="20210919 12:23:40.616" endtime="20210919 12:23:43.022"/>
</kw>
<kw name="Maximize Browser Window" library="SeleniumLibrary">
<doc>Maximizes current browser window.</doc>
<status status="PASS" starttime="20210919 12:23:43.022" endtime="20210919 12:23:43.152"/>
</kw>
<status status="PASS" starttime="20210919 12:23:40.615" endtime="20210919 12:23:43.152"/>
</kw>
<kw name="Input Text" library="SeleniumLibrary">
<arg>id=email</arg>
<arg>Hello</arg>
<doc>Types the given ``text`` into the text field identified by ``locator``.</doc>
<msg timestamp="20210919 12:23:43.153" level="INFO">Typing text 'Hello' into text field 'id=email'.</msg>
<kw name="Capture Page Screenshot" library="SeleniumLibrary">
<doc>Takes a screenshot of the current page and embeds it into a log file.</doc>
<msg timestamp="20210919 12:23:43.325" level="INFO" html="true">&lt;/td&gt;&lt;/tr&gt;&lt;tr&gt;&lt;td colspan="3"&gt;&lt;a href="selenium-screenshot-1.png"&gt;&lt;img src="selenium-screenshot-1.png" width="800px"&gt;&lt;/a&gt;</msg>
<status status="PASS" starttime="20210919 12:23:43.163" endtime="20210919 12:23:43.325"/>
</kw>
<msg timestamp="20210919 12:23:43.366" level="FAIL">Element with locator 'id=email' not found.</msg>
<status status="FAIL" starttime="20210919 12:23:43.152" endtime="20210919 12:23:43.366"/>
</kw>
<kw name="Input Text" library="SeleniumLibrary">
<arg>name=pass</arg>
<arg>abcd</arg>
<doc>Types the given ``text`` into the text field identified by ``locator``.</doc>
<status status="NOT RUN" starttime="20210919 12:23:43.367" endtime="20210919 12:23:43.367"/>
</kw>
<kw name="Click Element" library="SeleniumLibrary">
<arg>xpath=//*[@type='submit']</arg>
<doc>Click the element identified by ``locator``.</doc>
<status status="NOT RUN" starttime="20210919 12:23:43.367" endtime="20210919 12:23:43.367"/>
</kw>
<status status="FAIL" starttime="20210919 12:23:40.611" endtime="20210919 12:23:43.368">Element with locator 'id=email' not found.</status>
</test>
<status status="FAIL" starttime="20210919 12:23:37.871" endtime="20210919 12:23:43.370"/>
</suite>
<statistics>
<total>
<stat pass="1" fail="1" skip="0">All Tests</stat>
</total>
<tag>
</tag>
<suite>
<stat pass="1" fail="1" skip="0" id="s1" name="TC 001 LoginLogout">TC 001 LoginLogout</stat>
</suite>
</statistics>
<errors>
</errors>
</robot>
